This file contains any messages produced by compilers while
running configure, to aid debugging if configure makes a mistake.

It was created by Lemur configure 4.3, which was
generated by GNU Autoconf 2.59.  Invocation command line was

  $ ./configure 

## --------- ##
## Platform. ##
## --------- ##

hostname = danPC
uname -m = x86_64
uname -r = 3.2.0-36-generic
uname -s = Linux
uname -v = #57-Ubuntu SMP Tue Jan 8 21:44:52 UTC 2013

/usr/bin/uname -p = unknown
/bin/uname -X     = unknown

/bin/arch              = unknown
/usr/bin/arch -k       = unknown
/usr/convex/getsysinfo = unknown
hostinfo               = unknown
/bin/machine           = unknown
/usr/bin/oslevel       = unknown
/bin/universe          = unknown

PATH: /usr/lib/lightdm/lightdm
PATH: /usr/local/sbin
PATH: /usr/local/bin
PATH: /usr/sbin
PATH: /usr/bin
PATH: /sbin
PATH: /bin
PATH: /usr/games


## ----------- ##
## Core tests. ##
## ----------- ##

configure:1329: checking build system type
configure:1347: result: x86_64-unknown-linux-gnu
configure:1355: checking host system type
configure:1369: result: x86_64-unknown-linux-gnu
configure:1424: checking for gcc
configure:1440: found /usr/bin/gcc
configure:1450: result: gcc
configure:1694: checking for C compiler version
configure:1697: gcc --version </dev/null >&5
gcc (Ubuntu/Linaro 4.6.3-1ubuntu5) 4.6.3
Copyright (C) 2011 Free Software Foundation, Inc.
This is free software; see the source for copying conditions.  There is NO
warranty; not even for MERCHANTABILITY or FITNESS FOR A PARTICULAR PURPOSE.

configure:1700: $? = 0
configure:1702: gcc -v </dev/null >&5
Using built-in specs.
COLLECT_GCC=gcc
COLLECT_LTO_WRAPPER=/usr/lib/gcc/x86_64-linux-gnu/4.6/lto-wrapper
Target: x86_64-linux-gnu
Configured with: ../src/configure -v --with-pkgversion='Ubuntu/Linaro 4.6.3-1ubuntu5' --with-bugurl=file:///usr/share/doc/gcc-4.6/README.Bugs --enable-languages=c,c++,fortran,objc,obj-c++ --prefix=/usr --program-suffix=-4.6 --enable-shared --enable-linker-build-id --with-system-zlib --libexecdir=/usr/lib --without-included-gettext --enable-threads=posix --with-gxx-include-dir=/usr/include/c++/4.6 --libdir=/usr/lib --enable-nls --with-sysroot=/ --enable-clocale=gnu --enable-libstdcxx-debug --enable-libstdcxx-time=yes --enable-gnu-unique-object --enable-plugin --enable-objc-gc --disable-werror --with-arch-32=i686 --with-tune=generic --enable-checking=release --build=x86_64-linux-gnu --host=x86_64-linux-gnu --target=x86_64-linux-gnu
Thread model: posix
gcc version 4.6.3 (Ubuntu/Linaro 4.6.3-1ubuntu5) 
configure:1705: $? = 0
configure:1707: gcc -V </dev/null >&5
gcc: error: unrecognized option '-V'
gcc: fatal error: no input files
compilation terminated.
configure:1710: $? = 4
configure:1733: checking for C compiler default output file name
configure:1736: gcc    conftest.c  >&5
configure:1739: $? = 0
configure:1785: result: a.out
configure:1790: checking whether the C compiler works
configure:1796: ./a.out
configure:1799: $? = 0
configure:1816: result: yes
configure:1823: checking whether we are cross compiling
configure:1825: result: no
configure:1828: checking for suffix of executables
configure:1830: gcc -o conftest    conftest.c  >&5
configure:1833: $? = 0
configure:1858: result: 
configure:1864: checking for suffix of object files
configure:1885: gcc -c   conftest.c >&5
configure:1888: $? = 0
configure:1910: result: o
configure:1914: checking whether we are using the GNU C compiler
configure:1938: gcc -c   conftest.c >&5
configure:1944: $? = 0
configure:1948: test -z 
			 || test ! -s conftest.err
configure:1951: $? = 0
configure:1954: test -s conftest.o
configure:1957: $? = 0
configure:1970: result: yes
configure:1976: checking whether gcc accepts -g
configure:1997: gcc -c -g  conftest.c >&5
configure:2003: $? = 0
configure:2007: test -z 
			 || test ! -s conftest.err
configure:2010: $? = 0
configure:2013: test -s conftest.o
configure:2016: $? = 0
configure:2027: result: yes
configure:2044: checking for gcc option to accept ANSI C
configure:2114: gcc  -c -g -O2  conftest.c >&5
configure:2120: $? = 0
configure:2124: test -z 
			 || test ! -s conftest.err
configure:2127: $? = 0
configure:2130: test -s conftest.o
configure:2133: $? = 0
configure:2151: result: none needed
configure:2169: gcc -c -g -O2  conftest.c >&5
conftest.c:2:3: error: unknown type name 'choke'
conftest.c:2:3: error: expected '=', ',', ';', 'asm' or '__attribute__' at end of input
configure:2175: $? = 1
configure: failed program was:
| #ifndef __cplusplus
|   choke me
| #endif
configure:2360: checking for g++
configure:2376: found /usr/bin/g++
configure:2386: result: g++
configure:2402: checking for C++ compiler version
configure:2405: g++ --version </dev/null >&5
g++ (Ubuntu/Linaro 4.6.3-1ubuntu5) 4.6.3
Copyright (C) 2011 Free Software Foundation, Inc.
This is free software; see the source for copying conditions.  There is NO
warranty; not even for MERCHANTABILITY or FITNESS FOR A PARTICULAR PURPOSE.

configure:2408: $? = 0
configure:2410: g++ -v </dev/null >&5
Using built-in specs.
COLLECT_GCC=g++
COLLECT_LTO_WRAPPER=/usr/lib/gcc/x86_64-linux-gnu/4.6/lto-wrapper
Target: x86_64-linux-gnu
Configured with: ../src/configure -v --with-pkgversion='Ubuntu/Linaro 4.6.3-1ubuntu5' --with-bugurl=file:///usr/share/doc/gcc-4.6/README.Bugs --enable-languages=c,c++,fortran,objc,obj-c++ --prefix=/usr --program-suffix=-4.6 --enable-shared --enable-linker-build-id --with-system-zlib --libexecdir=/usr/lib --without-included-gettext --enable-threads=posix --with-gxx-include-dir=/usr/include/c++/4.6 --libdir=/usr/lib --enable-nls --with-sysroot=/ --enable-clocale=gnu --enable-libstdcxx-debug --enable-libstdcxx-time=yes --enable-gnu-unique-object --enable-plugin --enable-objc-gc --disable-werror --with-arch-32=i686 --with-tune=generic --enable-checking=release --build=x86_64-linux-gnu --host=x86_64-linux-gnu --target=x86_64-linux-gnu
Thread model: posix
gcc version 4.6.3 (Ubuntu/Linaro 4.6.3-1ubuntu5) 
configure:2413: $? = 0
configure:2415: g++ -V </dev/null >&5
g++: error: unrecognized option '-V'
g++: fatal error: no input files
compilation terminated.
configure:2418: $? = 4
configure:2421: checking whether we are using the GNU C++ compiler
configure:2445: g++ -c   conftest.cc >&5
configure:2451: $? = 0
configure:2455: test -z 
			 || test ! -s conftest.err
configure:2458: $? = 0
configure:2461: test -s conftest.o
configure:2464: $? = 0
configure:2477: result: yes
configure:2483: checking whether g++ accepts -g
configure:2504: g++ -c -g  conftest.cc >&5
configure:2510: $? = 0
configure:2514: test -z 
			 || test ! -s conftest.err
configure:2517: $? = 0
configure:2520: test -s conftest.o
configure:2523: $? = 0
configure:2534: result: yes
configure:2576: g++ -c -g -O2  conftest.cc >&5
configure:2582: $? = 0
configure:2586: test -z 
			 || test ! -s conftest.err
configure:2589: $? = 0
configure:2592: test -s conftest.o
configure:2595: $? = 0
configure:2621: g++ -c -g -O2  conftest.cc >&5
conftest.cc: In function 'int main()':
conftest.cc:13:9: error: 'exit' was not declared in this scope
configure:2627: $? = 1
configure: failed program was:
| /* confdefs.h.  */
| 
| #define PACKAGE_NAME "Lemur"
| #define PACKAGE_TARNAME "lemur"
| #define PACKAGE_VERSION "4.3"
| #define PACKAGE_STRING "Lemur 4.3"
| #define PACKAGE_BUGREPORT "project@lemurproject.org"
| /* end confdefs.h.  */
| 
| int
| main ()
| {
| exit (42);
|   ;
|   return 0;
| }
configure:2576: g++ -c -g -O2  conftest.cc >&5
conftest.cc:9:40: error: 'void std::exit(int)' should have been declared inside 'std'
configure:2582: $? = 1
configure: failed program was:
| /* confdefs.h.  */
| 
| #define PACKAGE_NAME "Lemur"
| #define PACKAGE_TARNAME "lemur"
| #define PACKAGE_VERSION "4.3"
| #define PACKAGE_STRING "Lemur 4.3"
| #define PACKAGE_BUGREPORT "project@lemurproject.org"
| /* end confdefs.h.  */
| extern "C" void std::exit (int) throw (); using std::exit;
| #include <stdlib.h>
| int
| main ()
| {
| exit (42);
|   ;
|   return 0;
| }
configure:2576: g++ -c -g -O2  conftest.cc >&5
conftest.cc:9:31: error: 'void std::exit(int)' should have been declared inside 'std'
In file included from conftest.cc:10:0:
/usr/include/stdlib.h:544:70: error: declaration of 'void std::exit(int) throw ()' has a different exception specifier
conftest.cc:9:17: error: from previous declaration 'void std::exit(int)'
configure:2582: $? = 1
configure: failed program was:
| /* confdefs.h.  */
| 
| #define PACKAGE_NAME "Lemur"
| #define PACKAGE_TARNAME "lemur"
| #define PACKAGE_VERSION "4.3"
| #define PACKAGE_STRING "Lemur 4.3"
| #define PACKAGE_BUGREPORT "project@lemurproject.org"
| /* end confdefs.h.  */
| extern "C" void std::exit (int); using std::exit;
| #include <stdlib.h>
| int
| main ()
| {
| exit (42);
|   ;
|   return 0;
| }
configure:2576: g++ -c -g -O2  conftest.cc >&5
configure:2582: $? = 0
configure:2586: test -z 
			 || test ! -s conftest.err
configure:2589: $? = 0
configure:2592: test -s conftest.o
configure:2595: $? = 0
configure:2621: g++ -c -g -O2  conftest.cc >&5
configure:2627: $? = 0
configure:2631: test -z 
			 || test ! -s conftest.err
configure:2634: $? = 0
configure:2637: test -s conftest.o
configure:2640: $? = 0
configure:2668: checking for flex
configure:2684: found /usr/bin/flex
configure:2694: result: flex
configure:2707: checking for yywrap in -lfl
configure:2737: gcc -o conftest -g -O2   conftest.c -lfl   >&5
configure:2743: $? = 0
configure:2747: test -z 
			 || test ! -s conftest.err
configure:2750: $? = 0
configure:2753: test -s conftest
configure:2756: $? = 0
configure:2769: result: yes
configure:2847: checking lex output file root
configure:2858: flex conftest.l
configure:2861: $? = 0
configure:2873: result: lex.yy
configure:2878: checking whether yytext is a pointer
configure:2894: gcc -o conftest -g -O2   conftest.c  -lfl >&5
configure:2900: $? = 0
configure:2904: test -z 
			 || test ! -s conftest.err
configure:2907: $? = 0
configure:2910: test -s conftest
configure:2913: $? = 0
configure:2927: result: yes
configure:2951: checking for a BSD-compatible install
configure:3006: result: /usr/bin/install -c
configure:3021: checking for ar
configure:3037: found /usr/bin/ar
configure:3047: result: ar
configure:3059: checking for log in -lm
configure:3089: gcc -o conftest -g -O2   conftest.c -lm   >&5
conftest.c:20:6: warning: conflicting types for built-in function 'log' [enabled by default]
configure:3095: $? = 0
configure:3099: test -z 
			 || test ! -s conftest.err
configure:3102: $? = 0
configure:3105: test -s conftest
configure:3108: $? = 0
configure:3121: result: yes
configure:3133: checking for pthread_create in -lpthread
configure:3163: gcc -o conftest -g -O2   conftest.c -lpthread  -lm  >&5
configure:3169: $? = 0
configure:3173: test -z 
			 || test ! -s conftest.err
configure:3176: $? = 0
configure:3179: test -s conftest
configure:3182: $? = 0
configure:3195: result: yes
configure:3388: checking for deflate in -lz
configure:3418: gcc -o conftest -g -O2   conftest.c -lz  -lpthread -lm  >&5
configure:3424: $? = 0
configure:3428: test -z 
			 || test ! -s conftest.err
configure:3431: $? = 0
configure:3434: test -s conftest
configure:3437: $? = 0
configure:3450: result: yes
configure:3462: checking for mkstemps in -liberty
configure:3492: gcc -o conftest -g -O2   conftest.c -liberty  -lz -lpthread -lm  >&5
/usr/bin/ld: cannot find -liberty
collect2: ld returned 1 exit status
configure:3498: $? = 1
configure: failed program was:
| /* confdefs.h.  */
| 
| #define PACKAGE_NAME "Lemur"
| #define PACKAGE_TARNAME "lemur"
| #define PACKAGE_VERSION "4.3"
| #define PACKAGE_STRING "Lemur 4.3"
| #define PACKAGE_BUGREPORT "project@lemurproject.org"
| #ifdef __cplusplus
| extern "C" void exit (int) throw ();
| #endif
| #define YYTEXT_POINTER 1
| #define HAVE_LIBM 1
| #define HAVE_LIBPTHREAD 1
| #define HAVE_LIBZ 1
| /* end confdefs.h.  */
| 
| /* Override any gcc2 internal prototype to avoid an error.  */
| #ifdef __cplusplus
| extern "C"
| #endif
| /* We use char because int might match the return type of a gcc2
|    builtin and then its argument prototype would still apply.  */
| char mkstemps ();
| int
| main ()
| {
| mkstemps ();
|   ;
|   return 0;
| }
configure:3524: result: no
configure:3543: checking whether C++ namespaces are supported
configure:3567: g++ -c -g -O2  conftest.cc >&5
configure:3573: $? = 0
configure:3577: test -z 
			 || test ! -s conftest.err
configure:3580: $? = 0
configure:3583: test -s conftest.o
configure:3586: $? = 0
configure:3602: result: yes
configure:3612: checking whether isnan is in namespace std
configure:3638: g++ -c -g -O2  conftest.cc >&5
configure:3644: $? = 0
configure:3648: test -z 
			 || test ! -s conftest.err
configure:3651: $? = 0
configure:3654: test -s conftest.o
configure:3657: $? = 0
configure:3673: result: yes
configure:3683: checking whether isnan is in namespace __gnu_cxx
configure:3709: g++ -c -g -O2  conftest.cc >&5
conftest.cc: In function 'int lemur::isnan(float)':
conftest.cc:19:50: error: 'isnan' is not a member of '__gnu_cxx'
conftest.cc:19:50: note: suggested alternatives:
/usr/include/x86_64-linux-gnu/bits/mathcalls.h:236:1: note:   'isnan'
/usr/include/c++/4.6/cmath:762:5: note:   'std::isnan'
conftest.cc:19:27: note:   'lemur::isnan'
configure:3715: $? = 1
configure: failed program was:
| /* confdefs.h.  */
| 
| #define PACKAGE_NAME "Lemur"
| #define PACKAGE_TARNAME "lemur"
| #define PACKAGE_VERSION "4.3"
| #define PACKAGE_STRING "Lemur 4.3"
| #define PACKAGE_BUGREPORT "project@lemurproject.org"
| #ifdef __cplusplus
| extern "C" void exit (int) throw ();
| #endif
| #define YYTEXT_POINTER 1
| #define HAVE_LIBM 1
| #define HAVE_LIBPTHREAD 1
| #define HAVE_LIBZ 1
| #define HAVE_NAMESPACES
| #define ISNAN_IN_NAMESPACE_STD
| /* end confdefs.h.  */
| #include <cmath>
| 	   namespace lemur { int isnan(float x){ return __gnu_cxx::isnan(x); } };
| int
| main ()
| {
| 
| 	   using namespace lemur; float x = 1.0; lemur::isnan(x); return 0;
|   ;
|   return 0;
| }
configure:3744: result: no
configure:3754: checking whether byte ordering is bigendian
configure:3781: gcc -c -g -O2  conftest.c >&5
configure:3787: $? = 0
configure:3791: test -z 
			 || test ! -s conftest.err
configure:3794: $? = 0
configure:3797: test -s conftest.o
configure:3800: $? = 0
configure:3824: gcc -c -g -O2  conftest.c >&5
conftest.c: In function 'main':
conftest.c:25:2: error: unknown type name 'not'
conftest.c:25:10: error: expected '=', ',', ';', 'asm' or '__attribute__' before 'endian'
configure:3830: $? = 1
configure: failed program was:
| /* confdefs.h.  */
| 
| #define PACKAGE_NAME "Lemur"
| #define PACKAGE_TARNAME "lemur"
| #define PACKAGE_VERSION "4.3"
| #define PACKAGE_STRING "Lemur 4.3"
| #define PACKAGE_BUGREPORT "project@lemurproject.org"
| #ifdef __cplusplus
| extern "C" void exit (int) throw ();
| #endif
| #define YYTEXT_POINTER 1
| #define HAVE_LIBM 1
| #define HAVE_LIBPTHREAD 1
| #define HAVE_LIBZ 1
| #define HAVE_NAMESPACES
| #define ISNAN_IN_NAMESPACE_STD
| /* end confdefs.h.  */
| #include <sys/types.h>
| #include <sys/param.h>
| 
| int
| main ()
| {
| #if BYTE_ORDER != BIG_ENDIAN
|  not big endian
| #endif
| 
|   ;
|   return 0;
| }
configure:3965: result: no
configure:3991: checking for special C compiler options needed for large files
configure:4090: result: no
configure:4096: checking for _FILE_OFFSET_BITS value needed for large files
configure:4127: gcc -c -g -O2  conftest.c >&5
configure:4133: $? = 0
configure:4137: test -z 
			 || test ! -s conftest.err
configure:4140: $? = 0
configure:4143: test -s conftest.o
configure:4146: $? = 0
configure:4211: result: no
configure:4221: checking for _LARGE_FILES value needed for large files
configure:4252: gcc -c -g -O2  conftest.c >&5
configure:4258: $? = 0
configure:4262: test -z 
			 || test ! -s conftest.err
configure:4265: $? = 0
configure:4268: test -s conftest.o
configure:4271: $? = 0
configure:4336: result: no
configure:4348: checking for _LARGEFILE_SOURCE value needed for large files
configure:4371: gcc -c -g -O2  conftest.c >&5
configure:4377: $? = 0
configure:4381: test -z 
			 || test ! -s conftest.err
configure:4384: $? = 0
configure:4387: test -s conftest.o
configure:4390: $? = 0
configure:4447: result: no
configure:4461: checking for fseeko
configure:4482: gcc -o conftest -g -O2   conftest.c -lz -lpthread -lm  >&5
configure:4488: $? = 0
configure:4492: test -z 
			 || test ! -s conftest.err
configure:4495: $? = 0
configure:4498: test -s conftest
configure:4501: $? = 0
configure:4513: result: yes
configure:4529: checking for mkstemp
configure:4586: gcc -o conftest -g -O2   conftest.c -lz -lpthread -lm  >&5
configure:4592: $? = 0
configure:4596: test -z 
			 || test ! -s conftest.err
configure:4599: $? = 0
configure:4602: test -s conftest
configure:4605: $? = 0
configure:4617: result: yes
configure:4631: checking for mkstemps
configure:4688: gcc -o conftest -g -O2   conftest.c -lz -lpthread -lm  >&5
configure:4694: $? = 0
configure:4698: test -z 
			 || test ! -s conftest.err
configure:4701: $? = 0
configure:4704: test -s conftest
configure:4707: $? = 0
configure:4719: result: yes
configure:4733: checking if atomic integer available
configure:4758: g++ -c -g -O2  conftest.cc >&5
configure:4764: $? = 0
configure:4768: test -z 
			 || test ! -s conftest.err
configure:4771: $? = 0
configure:4774: test -s conftest.o
configure:4777: $? = 0
configure:4787: result: yes
configure:4789: checking if __atomic_add is in __gnu_cxx namespace
configure:4807: g++ -c -g -O2  conftest.cc >&5
configure:4813: $? = 0
configure:4817: test -z 
			 || test ! -s conftest.err
configure:4820: $? = 0
configure:4823: test -s conftest.o
configure:4826: $? = 0
configure:4836: result: yes
configure:5468: creating ./config.status

## ---------------------- ##
## Running config.status. ##
## ---------------------- ##

This file was extended by Lemur config.status 4.3, which was
generated by GNU Autoconf 2.59.  Invocation command line was

  CONFIG_FILES    = 
  CONFIG_HEADERS  = 
  CONFIG_LINKS    = 
  CONFIG_COMMANDS = 
  $ ./config.status 

on danPC

config.status:685: creating MakeDefns
config.status:685: creating Makefile
config.status:685: creating Makefile.app

## ---------------- ##
## Cache variables. ##
## ---------------- ##

ac_cv_build=x86_64-unknown-linux-gnu
ac_cv_build_alias=x86_64-unknown-linux-gnu
ac_cv_c_bigendian=no
ac_cv_c_compiler_gnu=yes
ac_cv_cxx_compiler_gnu=yes
ac_cv_cxx_isnan_gnu_cxx=no
ac_cv_cxx_isnan_std=yes
ac_cv_cxx_namespaces=yes
ac_cv_env_CC_set=
ac_cv_env_CC_value=
ac_cv_env_CFLAGS_set=
ac_cv_env_CFLAGS_value=
ac_cv_env_CPPFLAGS_set=
ac_cv_env_CPPFLAGS_value=
ac_cv_env_CXXFLAGS_set=
ac_cv_env_CXXFLAGS_value=
ac_cv_env_CXX_set=
ac_cv_env_CXX_value=
ac_cv_env_LDFLAGS_set=
ac_cv_env_LDFLAGS_value=
ac_cv_env_build_alias_set=
ac_cv_env_build_alias_value=
ac_cv_env_host_alias_set=
ac_cv_env_host_alias_value=
ac_cv_env_target_alias_set=
ac_cv_env_target_alias_value=
ac_cv_exeext=
ac_cv_func_fseeko=yes
ac_cv_func_mkstemp=yes
ac_cv_func_mkstemps=yes
ac_cv_host=x86_64-unknown-linux-gnu
ac_cv_host_alias=x86_64-unknown-linux-gnu
ac_cv_lib_fl_yywrap=yes
ac_cv_lib_iberty_mkstemps=no
ac_cv_lib_m_log=yes
ac_cv_lib_pthread_pthread_create=yes
ac_cv_lib_z_deflate=yes
ac_cv_objext=o
ac_cv_path_install='/usr/bin/install -c'
ac_cv_prog_AR=ar
ac_cv_prog_LEX=flex
ac_cv_prog_ac_ct_CC=gcc
ac_cv_prog_ac_ct_CXX=g++
ac_cv_prog_cc_g=yes
ac_cv_prog_cc_stdc=
ac_cv_prog_cxx_g=yes
ac_cv_prog_lex_root=lex.yy
ac_cv_prog_lex_yytext_pointer=yes
ac_cv_sys_file_offset_bits=no
ac_cv_sys_large_files=no
ac_cv_sys_largefile_CC=no
ac_cv_sys_largefile_source=no

## ----------------- ##
## Output variables. ##
## ----------------- ##

AR='ar'
CC='gcc'
CFLAGS='-g -O2'
CPPFLAGS=''
CSHARP_SHARED='-shared'
CSHARP_SO='.so'
CXX='g++'
CXXFLAGS='-g -O2'
DEFS='-DPACKAGE_NAME=\"Lemur\" -DPACKAGE_TARNAME=\"lemur\" -DPACKAGE_VERSION=\"4.3\" -DPACKAGE_STRING=\"Lemur\ 4.3\" -DPACKAGE_BUGREPORT=\"project@lemurproject.org\" -DYYTEXT_POINTER=1 -DHAVE_LIBM=1 -DHAVE_LIBPTHREAD=1 -DHAVE_LIBZ=1 -DHAVE_NAMESPACES= -DISNAN_IN_NAMESPACE_STD= -DHAVE_FSEEKO=1 -DHAVE_MKSTEMP=1 -DHAVE_MKSTEMPS=1 -DP_HAS_ATOMIC_INT=1 -DP_NEEDS_GNU_CXX_NAMESPACE=1 -DWITH_DISTRIB=0 -DWITH_SUMMARIZATION=0 -DNDEBUG=1 -DWITH_CLUSTER=0 '
ECHO_C=''
ECHO_N='-n'
ECHO_T=''
EXEEXT=''
HOST_OS=''
INSTALL_DATA='${INSTALL} -m 644'
INSTALL_PROGRAM='${INSTALL}'
INSTALL_SCRIPT='${INSTALL}'
JAR=''
JAVAC=''
JAVAHOME=''
JAVAINC=''
JAVA_SHARED='-shared'
JAVA_SO='.so'
LDFLAGS=''
LEX='flex'
LEXLIB='-lfl'
LEX_OUTPUT_ROOT='lex.yy'
LIBOBJS=''
LIBS='-lz -lpthread -lm '
LTLIBOBJS=''
MCS=''
MODULES='retrieval langmod index parsing utility contrib/antlr contrib/xpdf'
OBJEXT='o'
PACKAGE_BUGREPORT='project@lemurproject.org'
PACKAGE_NAME='Lemur'
PACKAGE_STRING='Lemur 4.3'
PACKAGE_TARNAME='lemur'
PACKAGE_VERSION='4.3'
PATH_SEPARATOR=':'
PHPCONFIG=''
PHPINCLUDE=''
PHP_SHARED='-shared'
PHP_SO='.so'
SHARED='-shared -fPIC'
SHELL='/bin/sh'
SITESEED='unknownhost'
SWIG=''
WITH_CLUSTER='0'
WITH_CSHARP='0'
WITH_DISTRIB='0'
WITH_JAVA='0'
WITH_PHP='0'
WITH_SUMMARIZATION='0'
WITH_SWIG='0'
ac_ct_CC='gcc'
ac_ct_CXX='g++'
bindir='${exec_prefix}/bin'
build='x86_64-unknown-linux-gnu'
build_alias=''
build_cpu='x86_64'
build_os='linux-gnu'
build_vendor='unknown'
datadir='${prefix}/share'
exec_prefix='${prefix}'
host='x86_64-unknown-linux-gnu'
host_alias=''
host_cpu='x86_64'
host_os='linux-gnu'
host_vendor='unknown'
includedir='${prefix}/include'
infodir='${prefix}/info'
libdir='${exec_prefix}/lib'
libexecdir='${exec_prefix}/libexec'
localstatedir='${prefix}/var'
mandir='${prefix}/man'
oldincludedir='/usr/include'
prefix='/usr/local'
program_transform_name='s,x,x,'
sbindir='${exec_prefix}/sbin'
sharedstatedir='${prefix}/com'
sysconfdir='${prefix}/etc'
target_alias=''

## ----------- ##
## confdefs.h. ##
## ----------- ##

#define HAVE_FSEEKO 1
#define HAVE_LIBM 1
#define HAVE_LIBPTHREAD 1
#define HAVE_LIBZ 1
#define HAVE_MKSTEMP 1
#define HAVE_MKSTEMPS 1
#define HAVE_NAMESPACES
#define ISNAN_IN_NAMESPACE_STD
#define NDEBUG 1
#define PACKAGE_BUGREPORT "project@lemurproject.org"
#define PACKAGE_NAME "Lemur"
#define PACKAGE_STRING "Lemur 4.3"
#define PACKAGE_TARNAME "lemur"
#define PACKAGE_VERSION "4.3"
#define P_HAS_ATOMIC_INT 1
#define P_NEEDS_GNU_CXX_NAMESPACE 1
#define WITH_CLUSTER 0
#define WITH_DISTRIB 0
#define WITH_SUMMARIZATION 0
#define YYTEXT_POINTER 1
#endif
#ifdef __cplusplus
extern "C" void exit (int) throw ();

configure: exit 0
